<?xml version="1.0" encoding="UTF-8"?>
<!-- Generated by org.testng.reporters.JUnitReportReporter -->
<testsuite hostname="FVFHXGZ9Q6LR" failures="0" tests="3" name="test.test1" time="0.078" errors="0" timestamp="2023-05-02T16:12:00 IST" skipped="0">
  <testcase classname="test.test1" name="getWindowHandle" time="0.003"/>
  <system-out/>
  <testcase classname="test.test1" name="getTitle" time="0.065"/>
  <system-out/>
  <testcase classname="test.test1" name="getURL" time="0.010"/>
  <system-out/>
</testsuite> <!-- test.test1 -->
